<?xml version="1.0" encoding="UTF-8"?>
<!-- Generated by org.testng.reporters.JUnitXMLReporter -->
<testsuite ignored="1" hostname="DESKTOP-BI573EB" failures="0" tests="1" name="Default test" time="7.601" errors="0" timestamp="2023-07-12T00:14:11 IST">
  <testcase classname="visibletext.dropdownElements" name="visibleindex" time="4.667"/>
  <testcase classname="visibletext.dropdownElements" name="visibletext" time="0.0">
    <ignored/>
  </testcase> <!-- visibletext -->
</testsuite> <!-- Default test -->
