<?xml version="1.0" encoding="UTF-8"?>
<testng-results ignored="0" total="1" passed="1" failed="0" skipped="0">
  <reporter-output>
  </reporter-output>
  <suite started-at="2023-07-12T00:14:04 IST" name="Default suite" finished-at="2023-07-12T00:14:11 IST" duration-ms="7601">
    <groups>
    </groups>
    <test started-at="2023-07-12T00:14:04 IST" name="Default test" finished-at="2023-07-12T00:14:11 IST" duration-ms="7601">
      <class name="visibletext.dropdownElements">
        <test-method is-config="true" signature="beforeTest()[pri:0, instance:visibletext.dropdownElements@557caf28]" started-at="2023-07-12T00:14:04 IST" name="beforeTest" finished-at="2023-07-12T00:14:07 IST" duration-ms="2855" status="PASS">
          <reporter-output>
          </reporter-output>
        </test-method> <!-- beforeTest -->
        <test-method signature="visibleindex()[pri:0, instance:visibletext.dropdownElements@557caf28]" started-at="2023-07-12T00:14:07 IST" name="visibleindex" finished-at="2023-07-12T00:14:11 IST" duration-ms="4667" status="PASS">
          <reporter-output>
          </reporter-output>
        </test-method> <!-- visibleindex -->
      </class> <!-- visibletext.dropdownElements -->
    </test> <!-- Default test -->
  </suite> <!-- Default suite -->
</testng-results>
